	Babylon.js Exporter version: 1.8.0, Blender version: 2.74 (sub 0)
========= Conversion from Blender to Babylon.js =========
	Python World class constructor completed
	WARNING: No active camera has been assigned, or is not in a currently selected Blender layer
	processing begun of material:  my_first_game_meow.Material.001
	processing begun of material:  my_first_game_meow.Material.005
	WARNING texture type not currently supported:  NONE, ignored.
	processing begun of material:  my_first_game_meow.Material.006
	processing begun of material:  my_first_game_meow.Material.007
	processing begun of material:  my_first_game_meow.Material.008
	processing begun of material:  my_first_game_meow.Material.009
	processing begun of material:  my_first_game_meow.Material.010
	WARNING texture type not currently supported:  DISTORTED_NOISE, ignored.
	processing begun of material:  my_first_game_meow.Material.011
	WARNING texture type not currently supported:  DISTORTED_NOISE, ignored.
	processing begun of material:  my_first_game_meow.Material.012
	processing begun of material:  my_first_game_meow.Material.013
	processing begun of material:  my_first_game_meow.Material.014
	processing begun of mesh:  Plane.003
		num positions      :  4
		num normals        :  4
		num uvs            :  0
		num uvs2           :  0
		num colors         :  0
		num indices        :  6
	processing begun of mesh:  Plane.002
		num positions      :  4
		num normals        :  4
		num uvs            :  0
		num uvs2           :  0
		num colors         :  0
		num indices        :  6
	processing begun of mesh:  Plane.001
		num positions      :  4
		num normals        :  4
		num uvs            :  0
		num uvs2           :  0
		num colors         :  0
		num indices        :  6
	processing begun of mesh:  Suzanne
		num positions      :  507
		num normals        :  507
		num uvs            :  0
		num uvs2           :  0
		num colors         :  0
		num indices        :  2904
	processing begun of mesh:  Trigger.end
		WARNING:  No materials have been assigned: 
		num positions      :  8
		num normals        :  8
		num uvs            :  0
		num uvs2           :  0
		num colors         :  0
		num indices        :  36
	processing begun of mesh:  Coral.017
		processing begun of multimaterial:  my_first_game_meow.Multimaterial#0
		num positions      :  515
		num normals        :  515
		num uvs            :  1030
		num uvs2           :  0
		num colors         :  0
		num indices        :  600
	processing begun of mesh:  Coral.016
		processing begun of multimaterial:  my_first_game_meow.Multimaterial#1
		num positions      :  515
		num normals        :  515
		num uvs            :  1030
		num uvs2           :  0
		num colors         :  0
		num indices        :  600
	processing begun of mesh:  Coral.015
		processing begun of multimaterial:  my_first_game_meow.Multimaterial#2
		num positions      :  515
		num normals        :  515
		num uvs            :  1030
		num uvs2           :  0
		num colors         :  0
		num indices        :  600
	processing begun of mesh:  Coral.013
		processing begun of multimaterial:  my_first_game_meow.Multimaterial#3
		num positions      :  515
		num normals        :  515
		num uvs            :  1030
		num uvs2           :  0
		num colors         :  0
		num indices        :  600
	processing begun of mesh:  Coral.012
		processing begun of multimaterial:  my_first_game_meow.Multimaterial#4
		num positions      :  515
		num normals        :  515
		num uvs            :  1030
		num uvs2           :  0
		num colors         :  0
		num indices        :  600
	processing begun of mesh:  Coral.011
		processing begun of multimaterial:  my_first_game_meow.Multimaterial#5
		num positions      :  515
		num normals        :  515
		num uvs            :  1030
		num uvs2           :  0
		num colors         :  0
		num indices        :  600
	processing begun of mesh:  Coral.010
		processing begun of multimaterial:  my_first_game_meow.Multimaterial#6
		num positions      :  515
		num normals        :  515
		num uvs            :  1030
		num uvs2           :  0
		num colors         :  0
		num indices        :  600
	processing begun of mesh:  Coral.009
		processing begun of multimaterial:  my_first_game_meow.Multimaterial#7
		num positions      :  515
		num normals        :  515
		num uvs            :  1030
		num uvs2           :  0
		num colors         :  0
		num indices        :  600
	processing begun of mesh:  Coral.007
		processing begun of multimaterial:  my_first_game_meow.Multimaterial#8
		num positions      :  515
		num normals        :  515
		num uvs            :  1030
		num uvs2           :  0
		num colors         :  0
		num indices        :  600
	processing begun of mesh:  Coral.008
		processing begun of multimaterial:  my_first_game_meow.Multimaterial#9
		num positions      :  515
		num normals        :  515
		num uvs            :  1030
		num uvs2           :  0
		num colors         :  0
		num indices        :  600
	processing begun of mesh:  Coral.006
		processing begun of multimaterial:  my_first_game_meow.Multimaterial#10
		num positions      :  515
		num normals        :  515
		num uvs            :  1030
		num uvs2           :  0
		num colors         :  0
		num indices        :  600
	processing begun of mesh:  Coral.005
		processing begun of multimaterial:  my_first_game_meow.Multimaterial#11
		num positions      :  515
		num normals        :  515
		num uvs            :  1030
		num uvs2           :  0
		num colors         :  0
		num indices        :  600
	processing begun of mesh:  Coral.004
		processing begun of multimaterial:  my_first_game_meow.Multimaterial#12
		num positions      :  515
		num normals        :  515
		num uvs            :  1030
		num uvs2           :  0
		num colors         :  0
		num indices        :  600
	processing begun of mesh:  Coral.003
		processing begun of multimaterial:  my_first_game_meow.Multimaterial#13
		num positions      :  515
		num normals        :  515
		num uvs            :  1030
		num uvs2           :  0
		num colors         :  0
		num indices        :  600
	processing begun of mesh:  Coral.002
		processing begun of multimaterial:  my_first_game_meow.Multimaterial#14
		num positions      :  515
		num normals        :  515
		num uvs            :  1030
		num uvs2           :  0
		num colors         :  0
		num indices        :  600
	processing begun of mesh:  Coral.001
		processing begun of multimaterial:  my_first_game_meow.Multimaterial#15
		num positions      :  515
		num normals        :  515
		num uvs            :  1030
		num uvs2           :  0
		num colors         :  0
		num indices        :  600
	processing begun of mesh:  Icosphere.029
		processing begun of multimaterial:  my_first_game_meow.Multimaterial#16
		num positions      :  258
		num normals        :  258
		num uvs            :  0
		num uvs2           :  0
		num colors         :  0
		num indices        :  924
		WARNING: # of 0 area faces found:  60
	processing begun of mesh:  Icosphere.028
		processing begun of multimaterial:  my_first_game_meow.Multimaterial#17
		num positions      :  258
		num normals        :  258
		num uvs            :  0
		num uvs2           :  0
		num colors         :  0
		num indices        :  924
		WARNING: # of 0 area faces found:  60
	processing begun of mesh:  Icosphere.027
		processing begun of multimaterial:  my_first_game_meow.Multimaterial#18
		num positions      :  258
		num normals        :  258
		num uvs            :  0
		num uvs2           :  0
		num colors         :  0
		num indices        :  924
		WARNING: # of 0 area faces found:  60
	processing begun of mesh:  Icosphere.025
		processing begun of multimaterial:  my_first_game_meow.Multimaterial#19
		num positions      :  258
		num normals        :  258
		num uvs            :  0
		num uvs2           :  0
		num colors         :  0
		num indices        :  924
		WARNING: # of 0 area faces found:  60
	processing begun of mesh:  Icosphere.024
		processing begun of multimaterial:  my_first_game_meow.Multimaterial#20
		num positions      :  258
		num normals        :  258
		num uvs            :  0
		num uvs2           :  0
		num colors         :  0
		num indices        :  924
		WARNING: # of 0 area faces found:  60
	processing begun of mesh:  Icosphere.023
		processing begun of multimaterial:  my_first_game_meow.Multimaterial#21
		num positions      :  258
		num normals        :  258
		num uvs            :  0
		num uvs2           :  0
		num colors         :  0
		num indices        :  924
		WARNING: # of 0 area faces found:  60
	processing begun of mesh:  Icosphere.022
		processing begun of multimaterial:  my_first_game_meow.Multimaterial#22
		num positions      :  258
		num normals        :  258
		num uvs            :  0
		num uvs2           :  0
		num colors         :  0
		num indices        :  924
		WARNING: # of 0 area faces found:  60
	processing begun of mesh:  Icosphere.021
		processing begun of multimaterial:  my_first_game_meow.Multimaterial#23
		num positions      :  258
		num normals        :  258
		num uvs            :  0
		num uvs2           :  0
		num colors         :  0
		num indices        :  924
		WARNING: # of 0 area faces found:  60
	processing begun of mesh:  Icosphere.020
		processing begun of multimaterial:  my_first_game_meow.Multimaterial#24
		num positions      :  258
		num normals        :  258
		num uvs            :  0
		num uvs2           :  0
		num colors         :  0
		num indices        :  924
		WARNING: # of 0 area faces found:  60
	processing begun of mesh:  Icosphere.019
		processing begun of multimaterial:  my_first_game_meow.Multimaterial#25
		num positions      :  258
		num normals        :  258
		num uvs            :  0
		num uvs2           :  0
		num colors         :  0
		num indices        :  924
		WARNING: # of 0 area faces found:  60
	processing begun of mesh:  Icosphere.018
		processing begun of multimaterial:  my_first_game_meow.Multimaterial#26
		num positions      :  258
		num normals        :  258
		num uvs            :  0
		num uvs2           :  0
		num colors         :  0
		num indices        :  924
		WARNING: # of 0 area faces found:  60
	processing begun of mesh:  Icosphere.017
		processing begun of multimaterial:  my_first_game_meow.Multimaterial#27
		num positions      :  258
		num normals        :  258
		num uvs            :  0
		num uvs2           :  0
		num colors         :  0
		num indices        :  924
		WARNING: # of 0 area faces found:  60
	processing begun of mesh:  Icosphere.016
		processing begun of multimaterial:  my_first_game_meow.Multimaterial#28
		num positions      :  258
		num normals        :  258
		num uvs            :  0
		num uvs2           :  0
		num colors         :  0
		num indices        :  924
		WARNING: # of 0 area faces found:  60
	processing begun of mesh:  Icosphere.015
		processing begun of multimaterial:  my_first_game_meow.Multimaterial#29
		num positions      :  258
		num normals        :  258
		num uvs            :  0
		num uvs2           :  0
		num colors         :  0
		num indices        :  924
		WARNING: # of 0 area faces found:  60
	processing begun of mesh:  Icosphere.014
		processing begun of multimaterial:  my_first_game_meow.Multimaterial#30
		num positions      :  258
		num normals        :  258
		num uvs            :  0
		num uvs2           :  0
		num colors         :  0
		num indices        :  924
		WARNING: # of 0 area faces found:  60
	processing begun of mesh:  Icosphere.013
		processing begun of multimaterial:  my_first_game_meow.Multimaterial#31
		num positions      :  258
		num normals        :  258
		num uvs            :  0
		num uvs2           :  0
		num colors         :  0
		num indices        :  924
		WARNING: # of 0 area faces found:  60
	processing begun of mesh:  Icosphere.012
		processing begun of multimaterial:  my_first_game_meow.Multimaterial#32
		num positions      :  258
		num normals        :  258
		num uvs            :  0
		num uvs2           :  0
		num colors         :  0
		num indices        :  924
		WARNING: # of 0 area faces found:  60
	processing begun of mesh:  Icosphere.011
		processing begun of multimaterial:  my_first_game_meow.Multimaterial#33
		num positions      :  258
		num normals        :  258
		num uvs            :  0
		num uvs2           :  0
		num colors         :  0
		num indices        :  924
		WARNING: # of 0 area faces found:  60
	processing begun of mesh:  Icosphere.010
		processing begun of multimaterial:  my_first_game_meow.Multimaterial#34
		num positions      :  258
		num normals        :  258
		num uvs            :  0
		num uvs2           :  0
		num colors         :  0
		num indices        :  924
		WARNING: # of 0 area faces found:  60
	processing begun of mesh:  Icosphere.009
		processing begun of multimaterial:  my_first_game_meow.Multimaterial#35
		num positions      :  258
		num normals        :  258
		num uvs            :  0
		num uvs2           :  0
		num colors         :  0
		num indices        :  924
		WARNING: # of 0 area faces found:  60
	processing begun of mesh:  Icosphere.008
		processing begun of multimaterial:  my_first_game_meow.Multimaterial#36
		num positions      :  258
		num normals        :  258
		num uvs            :  0
		num uvs2           :  0
		num colors         :  0
		num indices        :  924
		WARNING: # of 0 area faces found:  60
	processing begun of mesh:  Icosphere.007
		processing begun of multimaterial:  my_first_game_meow.Multimaterial#37
		num positions      :  258
		num normals        :  258
		num uvs            :  0
		num uvs2           :  0
		num colors         :  0
		num indices        :  924
		WARNING: # of 0 area faces found:  60
	processing begun of mesh:  Icosphere.006
		processing begun of multimaterial:  my_first_game_meow.Multimaterial#38
		num positions      :  258
		num normals        :  258
		num uvs            :  0
		num uvs2           :  0
		num colors         :  0
		num indices        :  924
		WARNING: # of 0 area faces found:  60
	processing begun of mesh:  Icosphere.005
		processing begun of multimaterial:  my_first_game_meow.Multimaterial#39
		num positions      :  258
		num normals        :  258
		num uvs            :  0
		num uvs2           :  0
		num colors         :  0
		num indices        :  924
		WARNING: # of 0 area faces found:  60
	processing begun of mesh:  Icosphere.004
		processing begun of multimaterial:  my_first_game_meow.Multimaterial#40
		num positions      :  258
		num normals        :  258
		num uvs            :  0
		num uvs2           :  0
		num colors         :  0
		num indices        :  924
		WARNING: # of 0 area faces found:  60
	processing begun of mesh:  Icosphere.003
		processing begun of multimaterial:  my_first_game_meow.Multimaterial#41
		num positions      :  258
		num normals        :  258
		num uvs            :  0
		num uvs2           :  0
		num colors         :  0
		num indices        :  924
		WARNING: # of 0 area faces found:  60
	processing begun of mesh:  Icosphere.002
		processing begun of multimaterial:  my_first_game_meow.Multimaterial#42
		num positions      :  258
		num normals        :  258
		num uvs            :  0
		num uvs2           :  0
		num colors         :  0
		num indices        :  924
		WARNING: # of 0 area faces found:  60
	processing begun of mesh:  Icosphere.001
		processing begun of multimaterial:  my_first_game_meow.Multimaterial#43
		num positions      :  258
		num normals        :  258
		num uvs            :  0
		num uvs2           :  0
		num colors         :  0
		num indices        :  924
		WARNING: # of 0 area faces found:  60
	processing begun of mesh:  bottom_boundery_meow
		WARNING:  No materials have been assigned: 
		num positions      :  8
		num normals        :  8
		num uvs            :  0
		num uvs2           :  0
		num colors         :  0
		num indices        :  36
	processing begun of mesh:  top_boundery_meow
		WARNING:  No materials have been assigned: 
		num positions      :  8
		num normals        :  8
		num uvs            :  0
		num uvs2           :  0
		num colors         :  0
		num indices        :  36
	processing begun of mesh:  Plane
		num positions      :  4
		num normals        :  4
		num uvs            :  0
		num uvs2           :  0
		num colors         :  0
		num indices        :  6
	processing begun of mesh:  GARY_THE_SNAIL
		processing begun of multimaterial:  my_first_game_meow.Multimaterial#44
		num positions      :  248
		num normals        :  248
		num uvs            :  0
		num uvs2           :  0
		num colors         :  0
		num indices        :  1188
	processing begun of mesh:  Coral
		processing begun of multimaterial:  my_first_game_meow.Multimaterial#45
		num positions      :  515
		num normals        :  515
		num uvs            :  1030
		num uvs2           :  0
		num colors         :  0
		num indices        :  600
	processing begun of mesh:  Icosphere
		processing begun of multimaterial:  my_first_game_meow.Multimaterial#46
		num positions      :  258
		num normals        :  258
		num uvs            :  0
		num uvs2           :  0
		num colors         :  0
		num indices        :  924
		WARNING: # of 0 area faces found:  60
	processing begun of light (SUN):  Sun
	processing begun of light (HEMI):  Hemi.001
	processing begun of light (HEMI):  Hemi
========= Writing of scene file started =========
========= Writing of scene file completed =========
========= end of processing =========
